# JRE version: OpenJDK Runtime Environment (11.0.10) (build 11.0.10+0-b96-7249189)
# Java VM: OpenJDK 64-Bit Server VM (11.0.10+0-b96-7249189, mixed mode, tiered, compressed oops, g1 gc, windows-amd64)
Heap:
 garbage-first heap   total 236544K, used 55634K [0x0000000741600000, 0x0000000800000000)
  region size 1024K, 7 young (7168K), 7 survivors (7168K)
 Metaspace       used 66460K, capacity 67098K, committed 67152K, reserved 1122304K
  class space    used 7276K, capacity 7502K, committed 7548K, reserved 1048576K
GC Heap History (16 events):
Event: 0.629 GC heap before
{Heap before GC invocations=0 (full 0):
 garbage-first heap   total 196608K, used 17408K [0x0000000741600000, 0x0000000800000000)
  region size 1024K, 14 young (14336K), 0 survivors (0K)
 Metaspace       used 9777K, capacity 9871K, committed 10112K, reserved 1058816K
  class space    used 829K, capacity 884K, committed 896K, reserved 1048576K
}
Event: 0.632 GC heap after
{Heap after GC invocations=1 (full 0):
 garbage-first heap   total 196608K, used 5242K [0x0000000741600000, 0x0000000800000000)
  region size 1024K, 2 young (2048K), 2 survivors (2048K)
 Metaspace       used 9777K, capacity 9871K, committed 10112K, reserved 1058816K
  class space    used 829K, capacity 884K, committed 896K, reserved 1048576K
}
Event: 1.911 GC heap before
{Heap before GC invocations=1 (full 0):
 garbage-first heap   total 196608K, used 52346K [0x0000000741600000, 0x0000000800000000)
  region size 1024K, 49 young (50176K), 2 survivors (2048K)
 Metaspace       used 20983K, capacity 21191K, committed 21248K, reserved 1069056K
  class space    used 2219K, capacity 2291K, committed 2304K, reserved 1048576K
}
Event: 1.933 GC heap after
{Heap after GC invocations=2 (full 0):
 garbage-first heap   total 196608K, used 9386K [0x0000000741600000, 0x0000000800000000)
  region size 1024K, 7 young (7168K), 7 survivors (7168K)
 Metaspace       used 20983K, capacity 21191K, committed 21248K, reserved 1069056K
  class space    used 2219K, capacity 2291K, committed 2304K, reserved 1048576K
}
Event: 3.403 GC heap before
{Heap before GC invocations=3 (full 0):
 garbage-first heap   total 196608K, used 71850K [0x0000000741600000, 0x0000000800000000)
  region size 1024K, 56 young (57344K), 7 survivors (7168K)
 Metaspace       used 30455K, capacity 30882K, committed 30972K, reserved 1077248K
  class space    used 3605K, capacity 3768K, committed 3836K, reserved 1048576K
}
Event: 3.423 GC heap after
{Heap after GC invocations=4 (full 0):
 garbage-first heap   total 196608K, used 24471K [0x0000000741600000, 0x0000000800000000)
  region size 1024K, 7 young (7168K), 7 survivors (7168K)
 Metaspace       used 30455K, capacity 30882K, committed 30972K, reserved 1077248K
  class space    used 3605K, capacity 3768K, committed 3836K, reserved 1048576K
}
Event: 4.285 GC heap before
{Heap before GC invocations=4 (full 0):
 garbage-first heap   total 196608K, used 50071K [0x0000000741600000, 0x0000000800000000)
  region size 1024K, 33 young (33792K), 7 survivors (7168K)
 Metaspace       used 35382K, capacity 35782K, committed 36048K, reserved 1081344K
  class space    used 4139K, capacity 4292K, committed 4348K, reserved 1048576K
}
Event: 4.298 GC heap after
{Heap after GC invocations=5 (full 0):
 garbage-first heap   total 196608K, used 24521K [0x0000000741600000, 0x0000000800000000)
  region size 1024K, 9 young (9216K), 9 survivors (9216K)
 Metaspace       used 35382K, capacity 35782K, committed 36048K, reserved 1081344K
  class space    used 4139K, capacity 4292K, committed 4348K, reserved 1048576K
}
Event: 6.156 GC heap before
{Heap before GC invocations=6 (full 0):
 garbage-first heap   total 196608K, used 89033K [0x0000000741600000, 0x0000000800000000)
  region size 1024K, 70 young (71680K), 9 survivors (9216K)
 Metaspace       used 47843K, capacity 48336K, committed 48592K, reserved 1091584K
  class space    used 5599K, capacity 5782K, committed 5884K, reserved 1048576K
}
Event: 6.181 GC heap after
{Heap after GC invocations=7 (full 0):
 garbage-first heap   total 196608K, used 33003K [0x0000000741600000, 0x0000000800000000)
  region size 1024K, 9 young (9216K), 9 survivors (9216K)
 Metaspace       used 47843K, capacity 48336K, committed 48592K, reserved 1091584K
  class space    used 5599K, capacity 5782K, committed 5884K, reserved 1048576K
}
Event: 8.274 GC heap before
{Heap before GC invocations=7 (full 0):
 garbage-first heap   total 196608K, used 107755K [0x0000000741600000, 0x0000000800000000)
  region size 1024K, 81 young (82944K), 9 survivors (9216K)
 Metaspace       used 52278K, capacity 52944K, committed 53072K, reserved 1095680K
  class space    used 5965K, capacity 6227K, committed 6268K, reserved 1048576K
}
Event: 8.308 GC heap after
{Heap after GC invocations=8 (full 0):
 garbage-first heap   total 236544K, used 41984K [0x0000000741600000, 0x0000000800000000)
  region size 1024K, 9 young (9216K), 9 survivors (9216K)
 Metaspace       used 52278K, capacity 52944K, committed 53072K, reserved 1095680K
  class space    used 5965K, capacity 6227K, committed 6268K, reserved 1048576K
}
Event: 10.725 GC heap before
{Heap before GC invocations=8 (full 0):
 garbage-first heap   total 236544K, used 105472K [0x0000000741600000, 0x0000000800000000)
  region size 1024K, 72 young (73728K), 9 survivors (9216K)
 Metaspace       used 59438K, capacity 60067K, committed 60240K, reserved 1101824K
  class space    used 6641K, capacity 6886K, committed 7036K, reserved 1048576K
}
Event: 10.769 GC heap after
{Heap after GC invocations=9 (full 0):
 garbage-first heap   total 236544K, used 48538K [0x0000000741600000, 0x0000000800000000)
  region size 1024K, 7 young (7168K), 7 survivors (7168K)
 Metaspace       used 59438K, capacity 60067K, committed 60240K, reserved 1101824K
  class space    used 6641K, capacity 6886K, committed 7036K, reserved 1048576K
}
Event: 13.269 GC heap before
{Heap before GC invocations=10 (full 0):
 garbage-first heap   total 236544K, used 108954K [0x0000000741600000, 0x0000000800000000)
  region size 1024K, 67 young (68608K), 7 survivors (7168K)
 Metaspace       used 66460K, capacity 67098K, committed 67152K, reserved 1120256K
  class space    used 7276K, capacity 7502K, committed 7548K, reserved 1048576K
}
Event: 13.316 GC heap after
{Heap after GC invocations=11 (full 0):
 garbage-first heap   total 236544K, used 55634K [0x0000000741600000, 0x0000000800000000)
  region size 1024K, 7 young (7168K), 7 survivors (7168K)
 Metaspace       used 66460K, capacity 67098K, committed 67152K, reserved 1120256K
  class space    used 7276K, capacity 7502K, committed 7548K, reserved 1048576K
}

