# JRE version: OpenJDK Runtime Environment (11.0.10) (build 11.0.10+0-b96-7249189)
# Java VM: OpenJDK 64-Bit Server VM (11.0.10+0-b96-7249189, mixed mode, tiered, compressed oops, g1 gc, windows-amd64)
Heap:
 garbage-first heap   total 471040K, used 286069K [0x0000000080000000, 0x0000000100000000)
  region size 1024K, 27 young (27648K), 11 survivors (11264K)
 Metaspace       used 138335K, capacity 142524K, committed 142616K, reserved 1173504K
  class space    used 17144K, capacity 18690K, committed 18712K, reserved 1048576K
GC Heap History (20 events):
Event: 713.684 GC heap before
{Heap before GC invocations=120 (full 0):
 garbage-first heap   total 284672K, used 248442K [0x0000000080000000, 0x0000000100000000)
  region size 1024K, 13 young (13312K), 2 survivors (2048K)
 Metaspace       used 130210K, capacity 133972K, committed 134168K, reserved 1165312K
  class space    used 16037K, capacity 17401K, committed 17432K, reserved 1048576K
}
Event: 713.693 GC heap after
{Heap after GC invocations=121 (full 0):
 garbage-first heap   total 284672K, used 239310K [0x0000000080000000, 0x0000000100000000)
  region size 1024K, 2 young (2048K), 2 survivors (2048K)
 Metaspace       used 130210K, capacity 133972K, committed 134168K, reserved 1165312K
  class space    used 16037K, capacity 17401K, committed 17432K, reserved 1048576K
}
Event: 713.853 GC heap before
{Heap before GC invocations=121 (full 0):
 garbage-first heap   total 284672K, used 250574K [0x0000000080000000, 0x0000000100000000)
  region size 1024K, 13 young (13312K), 2 survivors (2048K)
 Metaspace       used 130665K, capacity 134428K, committed 134552K, reserved 1167360K
  class space    used 16095K, capacity 17467K, committed 17560K, reserved 1048576K
}
Event: 713.865 GC heap after
{Heap after GC invocations=122 (full 0):
 garbage-first heap   total 284672K, used 242360K [0x0000000080000000, 0x0000000100000000)
  region size 1024K, 2 young (2048K), 2 survivors (2048K)
 Metaspace       used 130665K, capacity 134428K, committed 134552K, reserved 1167360K
  class space    used 16095K, capacity 17467K, committed 17560K, reserved 1048576K
}
Event: 714.002 GC heap before
{Heap before GC invocations=122 (full 0):
 garbage-first heap   total 284672K, used 253624K [0x0000000080000000, 0x0000000100000000)
  region size 1024K, 13 young (13312K), 2 survivors (2048K)
 Metaspace       used 131221K, capacity 135010K, committed 135064K, reserved 1167360K
  class space    used 16172K, capacity 17533K, committed 17560K, reserved 1048576K
}
Event: 714.013 GC heap after
{Heap after GC invocations=123 (full 0):
 garbage-first heap   total 284672K, used 244705K [0x0000000080000000, 0x0000000100000000)
  region size 1024K, 2 young (2048K), 2 survivors (2048K)
 Metaspace       used 131221K, capacity 135010K, committed 135064K, reserved 1167360K
  class space    used 16172K, capacity 17533K, committed 17560K, reserved 1048576K
}
Event: 714.092 GC heap before
{Heap before GC invocations=123 (full 0):
 garbage-first heap   total 284672K, used 255969K [0x0000000080000000, 0x0000000100000000)
  region size 1024K, 13 young (13312K), 2 survivors (2048K)
 Metaspace       used 131562K, capacity 135361K, committed 135704K, reserved 1167360K
  class space    used 16216K, capacity 17587K, committed 17688K, reserved 1048576K
}
Event: 714.104 GC heap after
{Heap after GC invocations=124 (full 0):
 garbage-first heap   total 342016K, used 247107K [0x0000000080000000, 0x0000000100000000)
  region size 1024K, 2 young (2048K), 2 survivors (2048K)
 Metaspace       used 131562K, capacity 135361K, committed 135704K, reserved 1167360K
  class space    used 16216K, capacity 17587K, committed 17688K, reserved 1048576K
}
Event: 714.419 GC heap before
{Heap before GC invocations=124 (full 0):
 garbage-first heap   total 342016K, used 270659K [0x0000000080000000, 0x0000000100000000)
  region size 1024K, 26 young (26624K), 2 survivors (2048K)
 Metaspace       used 132754K, capacity 136617K, committed 136728K, reserved 1167360K
  class space    used 16446K, capacity 17836K, committed 17944K, reserved 1048576K
}
Event: 714.440 GC heap after
{Heap after GC invocations=125 (full 0):
 garbage-first heap   total 342016K, used 251697K [0x0000000080000000, 0x0000000100000000)
  region size 1024K, 4 young (4096K), 4 survivors (4096K)
 Metaspace       used 132754K, capacity 136617K, committed 136728K, reserved 1167360K
  class space    used 16446K, capacity 17836K, committed 17944K, reserved 1048576K
}
Event: 715.181 GC heap before
{Heap before GC invocations=125 (full 0):
 garbage-first heap   total 342016K, used 275249K [0x0000000080000000, 0x0000000100000000)
  region size 1024K, 28 young (28672K), 4 survivors (4096K)
 Metaspace       used 134970K, capacity 138941K, committed 139160K, reserved 1169408K
  class space    used 16801K, capacity 18262K, committed 18328K, reserved 1048576K
}
Event: 715.196 GC heap after
{Heap after GC invocations=126 (full 0):
 garbage-first heap   total 342016K, used 254385K [0x0000000080000000, 0x0000000100000000)
  region size 1024K, 3 young (3072K), 3 survivors (3072K)
 Metaspace       used 134970K, capacity 138941K, committed 139160K, reserved 1169408K
  class space    used 16801K, capacity 18262K, committed 18328K, reserved 1048576K
}
Event: 715.642 GC heap before
{Heap before GC invocations=126 (full 0):
 garbage-first heap   total 342016K, used 278961K [0x0000000080000000, 0x0000000100000000)
  region size 1024K, 27 young (27648K), 3 survivors (3072K)
 Metaspace       used 135493K, capacity 139472K, committed 139800K, reserved 1171456K
  class space    used 16850K, capacity 18308K, committed 18456K, reserved 1048576K
}
Event: 715.652 GC heap after
{Heap after GC invocations=127 (full 0):
 garbage-first heap   total 342016K, used 255485K [0x0000000080000000, 0x0000000100000000)
  region size 1024K, 2 young (2048K), 2 survivors (2048K)
 Metaspace       used 135493K, capacity 139472K, committed 139800K, reserved 1171456K
  class space    used 16850K, capacity 18308K, committed 18456K, reserved 1048576K
}
Event: 716.254 GC heap before
{Heap before GC invocations=127 (full 0):
 garbage-first heap   total 342016K, used 282109K [0x0000000080000000, 0x0000000100000000)
  region size 1024K, 28 young (28672K), 2 survivors (2048K)
 Metaspace       used 136491K, capacity 140509K, committed 140696K, reserved 1171456K
  class space    used 16972K, capacity 18459K, committed 18584K, reserved 1048576K
}
Event: 716.267 GC heap after
{Heap after GC invocations=128 (full 0):
 garbage-first heap   total 471040K, used 256536K [0x0000000080000000, 0x0000000100000000)
  region size 1024K, 3 young (3072K), 3 survivors (3072K)
 Metaspace       used 136491K, capacity 140509K, committed 140696K, reserved 1171456K
  class space    used 16972K, capacity 18459K, committed 18584K, reserved 1048576K
}
Event: 717.575 GC heap before
{Heap before GC invocations=128 (full 0):
 garbage-first heap   total 471040K, used 332312K [0x0000000080000000, 0x0000000100000000)
  region size 1024K, 77 young (78848K), 3 survivors (3072K)
 Metaspace       used 137893K, capacity 142055K, committed 142360K, reserved 1173504K
  class space    used 17129K, capacity 18650K, committed 18712K, reserved 1048576K
}
Event: 717.588 GC heap after
{Heap after GC invocations=129 (full 0):
 garbage-first heap   total 471040K, used 258803K [0x0000000080000000, 0x0000000100000000)
  region size 1024K, 5 young (5120K), 5 survivors (5120K)
 Metaspace       used 137893K, capacity 142055K, committed 142360K, reserved 1173504K
  class space    used 17129K, capacity 18650K, committed 18712K, reserved 1048576K
}
Event: 718.493 GC heap before
{Heap before GC invocations=129 (full 0):
 garbage-first heap   total 471040K, used 341747K [0x0000000080000000, 0x0000000100000000)
  region size 1024K, 86 young (88064K), 5 survivors (5120K)
 Metaspace       used 138303K, capacity 142457K, committed 142616K, reserved 1173504K
  class space    used 17144K, capacity 18690K, committed 18712K, reserved 1048576K
}
Event: 718.520 GC heap after
{Heap after GC invocations=130 (full 0):
 garbage-first heap   total 471040K, used 270709K [0x0000000080000000, 0x0000000100000000)
  region size 1024K, 11 young (11264K), 11 survivors (11264K)
 Metaspace       used 138303K, capacity 142457K, committed 142616K, reserved 1173504K
  class space    used 17144K, capacity 18690K, committed 18712K, reserved 1048576K
}

