# JRE version: OpenJDK Runtime Environment (11.0.10) (build 11.0.10+0-b96-7249189)
# Java VM: OpenJDK 64-Bit Server VM (11.0.10+0-b96-7249189, mixed mode, tiered, compressed oops, g1 gc, windows-amd64)
Heap:
 garbage-first heap   total 236544K, used 35093K [0x0000000741600000, 0x0000000800000000)
  region size 1024K, 11 young (11264K), 9 survivors (9216K)
 Metaspace       used 48543K, capacity 49136K, committed 49436K, reserved 1093632K
  class space    used 5686K, capacity 5924K, committed 6012K, reserved 1048576K
GC Heap History (10 events):
Event: 0.578 GC heap before
{Heap before GC invocations=0 (full 0):
 garbage-first heap   total 196608K, used 17408K [0x0000000741600000, 0x0000000800000000)
  region size 1024K, 14 young (14336K), 0 survivors (0K)
 Metaspace       used 9769K, capacity 9871K, committed 10112K, reserved 1058816K
  class space    used 828K, capacity 884K, committed 896K, reserved 1048576K
}
Event: 0.582 GC heap after
{Heap after GC invocations=1 (full 0):
 garbage-first heap   total 196608K, used 5148K [0x0000000741600000, 0x0000000800000000)
  region size 1024K, 2 young (2048K), 2 survivors (2048K)
 Metaspace       used 9769K, capacity 9871K, committed 10112K, reserved 1058816K
  class space    used 828K, capacity 884K, committed 896K, reserved 1048576K
}
Event: 1.805 GC heap before
{Heap before GC invocations=1 (full 0):
 garbage-first heap   total 196608K, used 52252K [0x0000000741600000, 0x0000000800000000)
  region size 1024K, 49 young (50176K), 2 survivors (2048K)
 Metaspace       used 20976K, capacity 21191K, committed 21248K, reserved 1069056K
  class space    used 2225K, capacity 2291K, committed 2304K, reserved 1048576K
}
Event: 1.821 GC heap after
{Heap after GC invocations=2 (full 0):
 garbage-first heap   total 196608K, used 9472K [0x0000000741600000, 0x0000000800000000)
  region size 1024K, 7 young (7168K), 7 survivors (7168K)
 Metaspace       used 20976K, capacity 21191K, committed 21248K, reserved 1069056K
  class space    used 2225K, capacity 2291K, committed 2304K, reserved 1048576K
}
Event: 3.135 GC heap before
{Heap before GC invocations=3 (full 0):
 garbage-first heap   total 196608K, used 72960K [0x0000000741600000, 0x0000000800000000)
  region size 1024K, 57 young (58368K), 7 survivors (7168K)
 Metaspace       used 30850K, capacity 31274K, committed 31612K, reserved 1077248K
  class space    used 3663K, capacity 3835K, committed 3964K, reserved 1048576K
}
Event: 3.156 GC heap after
{Heap after GC invocations=4 (full 0):
 garbage-first heap   total 196608K, used 24528K [0x0000000741600000, 0x0000000800000000)
  region size 1024K, 7 young (7168K), 7 survivors (7168K)
 Metaspace       used 30850K, capacity 31274K, committed 31612K, reserved 1077248K
  class space    used 3663K, capacity 3835K, committed 3964K, reserved 1048576K
}
Event: 3.740 GC heap before
{Heap before GC invocations=4 (full 0):
 garbage-first heap   total 196608K, used 48080K [0x0000000741600000, 0x0000000800000000)
  region size 1024K, 31 young (31744K), 7 survivors (7168K)
 Metaspace       used 35335K, capacity 35750K, committed 35964K, reserved 1081344K
  class space    used 4147K, capacity 4324K, committed 4476K, reserved 1048576K
}
Event: 3.752 GC heap after
{Heap after GC invocations=5 (full 0):
 garbage-first heap   total 196608K, used 24984K [0x0000000741600000, 0x0000000800000000)
  region size 1024K, 3 young (3072K), 3 survivors (3072K)
 Metaspace       used 35335K, capacity 35750K, committed 35964K, reserved 1081344K
  class space    used 4147K, capacity 4324K, committed 4476K, reserved 1048576K
}
Event: 5.644 GC heap before
{Heap before GC invocations=6 (full 0):
 garbage-first heap   total 196608K, used 93592K [0x0000000741600000, 0x0000000800000000)
  region size 1024K, 68 young (69632K), 3 survivors (3072K)
 Metaspace       used 48377K, capacity 48982K, committed 49180K, reserved 1093632K
  class space    used 5672K, capacity 5914K, committed 6012K, reserved 1048576K
}
Event: 5.667 GC heap after
{Heap after GC invocations=7 (full 0):
 garbage-first heap   total 236544K, used 34069K [0x0000000741600000, 0x0000000800000000)
  region size 1024K, 9 young (9216K), 9 survivors (9216K)
 Metaspace       used 48377K, capacity 48982K, committed 49180K, reserved 1093632K
  class space    used 5672K, capacity 5914K, committed 6012K, reserved 1048576K
}

