# JRE version: OpenJDK Runtime Environment (11.0.10) (build 11.0.10+0-b96-7249189)
# Java VM: OpenJDK 64-Bit Server VM (11.0.10+0-b96-7249189, mixed mode, tiered, compressed oops, g1 gc, windows-amd64)
Heap:
 garbage-first heap   total 239616K, used 64459K [0x0000000741600000, 0x0000000800000000)
  region size 1024K, 22 young (22528K), 13 survivors (13312K)
 Metaspace       used 73017K, capacity 73631K, committed 73724K, reserved 1114112K
  class space    used 7942K, capacity 8148K, committed 8188K, reserved 1048576K
GC Heap History (16 events):
Event: 0.809 GC heap before
{Heap before GC invocations=0 (full 0):
 garbage-first heap   total 196608K, used 17408K [0x0000000741600000, 0x0000000800000000)
  region size 1024K, 14 young (14336K), 0 survivors (0K)
 Metaspace       used 9769K, capacity 9871K, committed 10112K, reserved 1058816K
  class space    used 828K, capacity 884K, committed 896K, reserved 1048576K
}
Event: 0.826 GC heap after
{Heap after GC invocations=1 (full 0):
 garbage-first heap   total 196608K, used 5144K [0x0000000741600000, 0x0000000800000000)
  region size 1024K, 2 young (2048K), 2 survivors (2048K)
 Metaspace       used 9769K, capacity 9871K, committed 10112K, reserved 1058816K
  class space    used 828K, capacity 884K, committed 896K, reserved 1048576K
}
Event: 2.012 GC heap before
{Heap before GC invocations=1 (full 0):
 garbage-first heap   total 196608K, used 52248K [0x0000000741600000, 0x0000000800000000)
  region size 1024K, 49 young (50176K), 2 survivors (2048K)
 Metaspace       used 20978K, capacity 21191K, committed 21248K, reserved 1069056K
  class space    used 2219K, capacity 2291K, committed 2304K, reserved 1048576K
}
Event: 2.027 GC heap after
{Heap after GC invocations=2 (full 0):
 garbage-first heap   total 196608K, used 9470K [0x0000000741600000, 0x0000000800000000)
  region size 1024K, 7 young (7168K), 7 survivors (7168K)
 Metaspace       used 20978K, capacity 21191K, committed 21248K, reserved 1069056K
  class space    used 2219K, capacity 2291K, committed 2304K, reserved 1048576K
}
Event: 3.299 GC heap before
{Heap before GC invocations=3 (full 0):
 garbage-first heap   total 196608K, used 72958K [0x0000000741600000, 0x0000000800000000)
  region size 1024K, 57 young (58368K), 7 survivors (7168K)
 Metaspace       used 30694K, capacity 31114K, committed 31228K, reserved 1077248K
  class space    used 3641K, capacity 3803K, committed 3836K, reserved 1048576K
}
Event: 3.320 GC heap after
{Heap after GC invocations=4 (full 0):
 garbage-first heap   total 196608K, used 24497K [0x0000000741600000, 0x0000000800000000)
  region size 1024K, 7 young (7168K), 7 survivors (7168K)
 Metaspace       used 30694K, capacity 31114K, committed 31228K, reserved 1077248K
  class space    used 3641K, capacity 3803K, committed 3836K, reserved 1048576K
}
Event: 3.905 GC heap before
{Heap before GC invocations=4 (full 0):
 garbage-first heap   total 196608K, used 49073K [0x0000000741600000, 0x0000000800000000)
  region size 1024K, 32 young (32768K), 7 survivors (7168K)
 Metaspace       used 35318K, capacity 35750K, committed 35964K, reserved 1081344K
  class space    used 4140K, capacity 4324K, committed 4476K, reserved 1048576K
}
Event: 3.918 GC heap after
{Heap after GC invocations=5 (full 0):
 garbage-first heap   total 196608K, used 24988K [0x0000000741600000, 0x0000000800000000)
  region size 1024K, 3 young (3072K), 3 survivors (3072K)
 Metaspace       used 35318K, capacity 35750K, committed 35964K, reserved 1081344K
  class space    used 4140K, capacity 4324K, committed 4476K, reserved 1048576K
}
Event: 5.747 GC heap before
{Heap before GC invocations=6 (full 0):
 garbage-first heap   total 196608K, used 94620K [0x0000000741600000, 0x0000000800000000)
  region size 1024K, 69 young (70656K), 3 survivors (3072K)
 Metaspace       used 48406K, capacity 48982K, committed 49276K, reserved 1093632K
  class space    used 5676K, capacity 5914K, committed 6012K, reserved 1048576K
}
Event: 5.766 GC heap after
{Heap after GC invocations=7 (full 0):
 garbage-first heap   total 239616K, used 34353K [0x0000000741600000, 0x0000000800000000)
  region size 1024K, 9 young (9216K), 9 survivors (9216K)
 Metaspace       used 48406K, capacity 48982K, committed 49276K, reserved 1093632K
  class space    used 5676K, capacity 5914K, committed 6012K, reserved 1048576K
}
Event: 7.772 GC heap before
{Heap before GC invocations=7 (full 0):
 garbage-first heap   total 239616K, used 111153K [0x0000000741600000, 0x0000000800000000)
  region size 1024K, 83 young (84992K), 9 survivors (9216K)
 Metaspace       used 52527K, capacity 53135K, committed 53372K, reserved 1095680K
  class space    used 5987K, capacity 6227K, committed 6268K, reserved 1048576K
}
Event: 7.801 GC heap after
{Heap after GC invocations=8 (full 0):
 garbage-first heap   total 239616K, used 44136K [0x0000000741600000, 0x0000000800000000)
  region size 1024K, 10 young (10240K), 10 survivors (10240K)
 Metaspace       used 52527K, capacity 53135K, committed 53372K, reserved 1095680K
  class space    used 5987K, capacity 6227K, committed 6268K, reserved 1048576K
}
Event: 9.432 GC heap before
{Heap before GC invocations=8 (full 0):
 garbage-first heap   total 239616K, used 99432K [0x0000000741600000, 0x0000000800000000)
  region size 1024K, 65 young (66560K), 10 survivors (10240K)
 Metaspace       used 59508K, capacity 60142K, committed 60284K, reserved 1101824K
  class space    used 6653K, capacity 6915K, committed 7036K, reserved 1048576K
}
Event: 9.475 GC heap after
{Heap after GC invocations=9 (full 0):
 garbage-first heap   total 239616K, used 48825K [0x0000000741600000, 0x0000000800000000)
  region size 1024K, 5 young (5120K), 5 survivors (5120K)
 Metaspace       used 59508K, capacity 60142K, committed 60284K, reserved 1101824K
  class space    used 6653K, capacity 6915K, committed 7036K, reserved 1048576K
}
Event: 12.502 GC heap before
{Heap before GC invocations=10 (full 0):
 garbage-first heap   total 239616K, used 143033K [0x0000000741600000, 0x0000000800000000)
  region size 1024K, 97 young (99328K), 5 survivors (5120K)
 Metaspace       used 71455K, capacity 72114K, committed 72444K, reserved 1114112K
  class space    used 7835K, capacity 8048K, committed 8188K, reserved 1048576K
}
Event: 12.525 GC heap after
{Heap after GC invocations=11 (full 0):
 garbage-first heap   total 239616K, used 56267K [0x0000000741600000, 0x0000000800000000)
  region size 1024K, 13 young (13312K), 13 survivors (13312K)
 Metaspace       used 71455K, capacity 72114K, committed 72444K, reserved 1114112K
  class space    used 7835K, capacity 8048K, committed 8188K, reserved 1048576K
}

